CREATE USER SA PASSWORD "" ADMIN
/*C1*/SET SCHEMA PUBLIC
CONNECT USER SA
CREATE TABLE Types (ClassID INT IDENTITY)
ALTER TABLE Types ADD COLUMN ClassName VARCHAR(200)
ALTER TABLE Types ADD COLUMN TableName VARCHAR(50)
CREATE TABLE Fields (TypeID1 INT NOT NULL)
ALTER TABLE Fields ADD COLUMN FieldName VARCHAR(200)
ALTER TABLE Fields ADD COLUMN FieldType VARCHAR(200)
INSERT INTO TYPES VALUES(0,'com.jslope.briskproject.networking.NetworkConfig','obj_NetworkConfig')
CREATE TABLE obj_NetworkConfig (isDeleted VARCHAR(1) DEFAULT '' NOT NULL)
ALTER TABLE obj_NetworkConfig ADD COLUMN OBJECT_ID VARCHAR(40)
ALTER TABLE obj_NetworkConfig ADD UNIQUE (OBJECT_ID)
INSERT INTO FIELDS VALUES(0,'OBJECT_ID','VARCHAR(40)')
ALTER TABLE obj_NetworkConfig ADD COLUMN IS_CONFIGURED VARCHAR(1)
INSERT INTO FIELDS VALUES(0,'IS_CONFIGURED','VARCHAR(1)')
ALTER TABLE obj_NetworkConfig ADD COLUMN ServerHost VARCHAR(128)
INSERT INTO FIELDS VALUES(0,'ServerHost','VARCHAR(128)')
ALTER TABLE obj_NetworkConfig ADD COLUMN LastDateExchange BIGINT
INSERT INTO FIELDS VALUES(0,'LastDateExchange','BIGINT')
ALTER TABLE obj_NetworkConfig ADD COLUMN lastDateServer BIGINT
INSERT INTO FIELDS VALUES(0,'lastDateServer','BIGINT')
ALTER TABLE obj_NetworkConfig ADD COLUMN tosendTableExists VARCHAR(1)
INSERT INTO FIELDS VALUES(0,'tosendTableExists','VARCHAR(1)')
INSERT INTO OBJ_NETWORKCONFIG VALUES('','000-7f011--7f8df804-124814ce837--8000','0','',1256299751472,1256299751472,'0')
INSERT INTO TYPES VALUES(100,'com.jslope.toDoList.core.User','obj_User')
CREATE TABLE obj_User (isDeleted VARCHAR(1) DEFAULT '' NOT NULL)
ALTER TABLE obj_User ADD COLUMN OBJECT_ID VARCHAR(40)
ALTER TABLE obj_User ADD UNIQUE (OBJECT_ID)
INSERT INTO FIELDS VALUES(100,'OBJECT_ID','VARCHAR(40)')
ALTER TABLE obj_User ADD COLUMN modifiedTime BIGINT
INSERT INTO FIELDS VALUES(100,'modifiedTime','BIGINT')
ALTER TABLE obj_User ADD COLUMN isModified VARCHAR(1)
INSERT INTO FIELDS VALUES(100,'isModified','VARCHAR(1)')
ALTER TABLE obj_User ADD COLUMN parent VARCHAR(40)
INSERT INTO FIELDS VALUES(100,'parent','VARCHAR(40)')
ALTER TABLE obj_User ADD COLUMN sortIndex INT
INSERT INTO FIELDS VALUES(100,'sortIndex','INT')
ALTER TABLE obj_User ADD COLUMN is_deleted VARCHAR(1)
INSERT INTO FIELDS VALUES(100,'is_deleted','VARCHAR(1)')
ALTER TABLE obj_User ADD COLUMN isExpanded VARCHAR(1)
INSERT INTO FIELDS VALUES(100,'isExpanded','VARCHAR(1)')
ALTER TABLE obj_User ADD COLUMN childrenModTime BIGINT
INSERT INTO FIELDS VALUES(100,'childrenModTime','BIGINT')
ALTER TABLE obj_User ADD COLUMN Name VARCHAR(100)
INSERT INTO FIELDS VALUES(100,'Name','VARCHAR(100)')
ALTER TABLE obj_User ADD COLUMN login VARCHAR(30)
INSERT INTO FIELDS VALUES(100,'login','VARCHAR(30)')
ALTER TABLE obj_User ADD COLUMN password VARCHAR(30)
INSERT INTO FIELDS VALUES(100,'password','VARCHAR(30)')
ALTER TABLE obj_User ADD COLUMN internalTask VARCHAR(40)
INSERT INTO FIELDS VALUES(100,'internalTask','VARCHAR(40)')
ALTER TABLE obj_User ADD COLUMN isAdmin VARCHAR(1)
INSERT INTO FIELDS VALUES(100,'isAdmin','VARCHAR(1)')
ALTER TABLE obj_User ADD COLUMN accessLevel VARCHAR(40)
INSERT INTO FIELDS VALUES(100,'accessLevel','VARCHAR(40)')
INSERT INTO TYPES VALUES(103,'com.jslope.toDoList.core.Task','obj_Task')
CREATE TABLE obj_Task (isDeleted VARCHAR(1) DEFAULT '' NOT NULL)
INSERT INTO TYPES VALUES(104,'com.jslope.toDoList.core.Options','obj_Options')
CREATE TABLE obj_Options (isDeleted VARCHAR(1) DEFAULT '' NOT NULL)
ALTER TABLE obj_Options ADD COLUMN OBJECT_ID VARCHAR(40)
ALTER TABLE obj_Options ADD UNIQUE (OBJECT_ID)
INSERT INTO FIELDS VALUES(104,'OBJECT_ID','VARCHAR(40)')
ALTER TABLE obj_Options ADD COLUMN autostartTask VARCHAR(1)
INSERT INTO FIELDS VALUES(104,'autostartTask','VARCHAR(1)')
ALTER TABLE obj_Options ADD COLUMN autostopTask VARCHAR(1)
INSERT INTO FIELDS VALUES(104,'autostopTask','VARCHAR(1)')
ALTER TABLE obj_Options ADD COLUMN autostopInterval INT
INSERT INTO FIELDS VALUES(104,'autostopInterval','INT')
ALTER TABLE obj_Options ADD COLUMN rootNode VARCHAR(40)
INSERT INTO FIELDS VALUES(104,'rootNode','VARCHAR(40)')
ALTER TABLE obj_Options ADD COLUMN windowX DECIMAL(25, 3)
INSERT INTO FIELDS VALUES(104,'windowX','DECIMAL(25, 3)')
ALTER TABLE obj_Options ADD COLUMN windowY DECIMAL(25, 3)
INSERT INTO FIELDS VALUES(104,'windowY','DECIMAL(25, 3)')
ALTER TABLE obj_Options ADD COLUMN windowWidth DECIMAL(25, 3)
INSERT INTO FIELDS VALUES(104,'windowWidth','DECIMAL(25, 3)')
ALTER TABLE obj_Options ADD COLUMN windowHeight DECIMAL(25, 3)
INSERT INTO FIELDS VALUES(104,'windowHeight','DECIMAL(25, 3)')
ALTER TABLE obj_Options ADD COLUMN splitPane INT
INSERT INTO FIELDS VALUES(104,'splitPane','INT')
ALTER TABLE obj_Options ADD COLUMN selectedNode VARCHAR(40)
INSERT INTO FIELDS VALUES(104,'selectedNode','VARCHAR(40)')
ALTER TABLE obj_Options ADD COLUMN hideTasksDone VARCHAR(1)
INSERT INTO FIELDS VALUES(104,'hideTasksDone','VARCHAR(1)')
ALTER TABLE obj_Options ADD COLUMN taskDoneFilter INT
INSERT INTO FIELDS VALUES(104,'taskDoneFilter','INT')
ALTER TABLE obj_Options ADD COLUMN userShowTime INT
INSERT INTO FIELDS VALUES(104,'userShowTime','INT')
ALTER TABLE obj_Options ADD COLUMN newToReadTime INT
INSERT INTO FIELDS VALUES(104,'newToReadTime','INT')
INSERT INTO OBJ_OPTIONS VALUES('','104-0000--7f8df804-124814ce837--7fff','0','1',5,'null_id',0.0,0.0,520.0,220.0,188,'null_id','0',99999,7,1)
ALTER TABLE obj_Task ADD COLUMN OBJECT_ID VARCHAR(40)
ALTER TABLE obj_Task ADD UNIQUE (OBJECT_ID)
INSERT INTO FIELDS VALUES(103,'OBJECT_ID','VARCHAR(40)')
ALTER TABLE obj_Task ADD COLUMN modifiedTime BIGINT
INSERT INTO FIELDS VALUES(103,'modifiedTime','BIGINT')
ALTER TABLE obj_Task ADD COLUMN isModified VARCHAR(1)
INSERT INTO FIELDS VALUES(103,'isModified','VARCHAR(1)')
ALTER TABLE obj_Task ADD COLUMN parent VARCHAR(40)
INSERT INTO FIELDS VALUES(103,'parent','VARCHAR(40)')
ALTER TABLE obj_Task ADD COLUMN sortIndex INT
INSERT INTO FIELDS VALUES(103,'sortIndex','INT')
ALTER TABLE obj_Task ADD COLUMN is_deleted VARCHAR(1)
INSERT INTO FIELDS VALUES(103,'is_deleted','VARCHAR(1)')
ALTER TABLE obj_Task ADD COLUMN isExpanded VARCHAR(1)
INSERT INTO FIELDS VALUES(103,'isExpanded','VARCHAR(1)')
ALTER TABLE obj_Task ADD COLUMN childrenModTime BIGINT
INSERT INTO FIELDS VALUES(103,'childrenModTime','BIGINT')
ALTER TABLE obj_Task ADD COLUMN subject VARCHAR(255)
INSERT INTO FIELDS VALUES(103,'subject','VARCHAR(255)')
ALTER TABLE obj_Task ADD COLUMN notes VARCHAR
INSERT INTO FIELDS VALUES(103,'notes','VARCHAR')
ALTER TABLE obj_Task ADD COLUMN date DATETIME
INSERT INTO FIELDS VALUES(103,'date','DATETIME')
ALTER TABLE obj_Task ADD COLUMN is_active VARCHAR(1)
INSERT INTO FIELDS VALUES(103,'is_active','VARCHAR(1)')
ALTER TABLE obj_Task ADD COLUMN finished_date BIGINT
INSERT INTO FIELDS VALUES(103,'finished_date','BIGINT')
ALTER TABLE obj_Task ADD COLUMN assignedTo VARCHAR(40)
INSERT INTO FIELDS VALUES(103,'assignedTo','VARCHAR(40)')
ALTER TABLE obj_Task ADD COLUMN ownerUser VARCHAR(40)
INSERT INTO FIELDS VALUES(103,'ownerUser','VARCHAR(40)')
ALTER TABLE obj_Task ADD COLUMN isInternalTask VARCHAR(1)
INSERT INTO FIELDS VALUES(103,'isInternalTask','VARCHAR(1)')
ALTER TABLE obj_Task ADD COLUMN time_spent INT
INSERT INTO FIELDS VALUES(103,'time_spent','INT')
ALTER TABLE obj_Task ADD COLUMN childrenTime INT
INSERT INTO FIELDS VALUES(103,'childrenTime','INT')
ALTER TABLE obj_Task ADD COLUMN assignedIndex INT
INSERT INTO FIELDS VALUES(103,'assignedIndex','INT')
ALTER TABLE obj_Task ADD COLUMN isDirty VARCHAR(1)
INSERT INTO FIELDS VALUES(103,'isDirty','VARCHAR(1)')
ALTER TABLE obj_Task ADD COLUMN isParentDirty VARCHAR(1)
INSERT INTO FIELDS VALUES(103,'isParentDirty','VARCHAR(1)')
ALTER TABLE obj_Task ADD COLUMN mustReopenParent VARCHAR(1)
INSERT INTO FIELDS VALUES(103,'mustReopenParent','VARCHAR(1)')
ALTER TABLE obj_Task ADD COLUMN isNewlyModified VARCHAR(1)
INSERT INTO FIELDS VALUES(103,'isNewlyModified','VARCHAR(1)')
INSERT INTO TYPES VALUES(106,'com.jslope.toDoList.core.TimeInterval','obj_TimeInterval')
CREATE TABLE obj_TimeInterval (isDeleted VARCHAR(1) DEFAULT '' NOT NULL)
ALTER TABLE obj_TimeInterval ADD COLUMN OBJECT_ID VARCHAR(40)
ALTER TABLE obj_TimeInterval ADD UNIQUE (OBJECT_ID)
INSERT INTO FIELDS VALUES(106,'OBJECT_ID','VARCHAR(40)')
ALTER TABLE obj_TimeInterval ADD COLUMN modifiedTime BIGINT
INSERT INTO FIELDS VALUES(106,'modifiedTime','BIGINT')
ALTER TABLE obj_TimeInterval ADD COLUMN isModified VARCHAR(1)
INSERT INTO FIELDS VALUES(106,'isModified','VARCHAR(1)')
ALTER TABLE obj_TimeInterval ADD COLUMN parent_task VARCHAR(40)
INSERT INTO FIELDS VALUES(106,'parent_task','VARCHAR(40)')
ALTER TABLE obj_TimeInterval ADD COLUMN date DATETIME
INSERT INTO FIELDS VALUES(106,'date','DATETIME')
ALTER TABLE obj_TimeInterval ADD COLUMN time_start BIGINT
INSERT INTO FIELDS VALUES(106,'time_start','BIGINT')
ALTER TABLE obj_TimeInterval ADD COLUMN time_end BIGINT
INSERT INTO FIELDS VALUES(106,'time_end','BIGINT')
ALTER TABLE obj_TimeInterval ADD COLUMN is_deleted VARCHAR(1)
INSERT INTO FIELDS VALUES(106,'is_deleted','VARCHAR(1)')
ALTER TABLE obj_TimeInterval ADD COLUMN user VARCHAR(40)
INSERT INTO FIELDS VALUES(106,'user','VARCHAR(40)')
INSERT INTO TYPES VALUES(109,'com.jslope.briskproject.networking.PropagationList','obj_PropagationList')
CREATE TABLE obj_PropagationList (isDeleted VARCHAR(1) DEFAULT '' NOT NULL)
ALTER TABLE obj_PropagationList ADD COLUMN OBJECT_ID VARCHAR(40)
ALTER TABLE obj_PropagationList ADD UNIQUE (OBJECT_ID)
INSERT INTO FIELDS VALUES(109,'OBJECT_ID','VARCHAR(40)')
ALTER TABLE obj_PropagationList ADD COLUMN modifiedTime BIGINT
INSERT INTO FIELDS VALUES(109,'modifiedTime','BIGINT')
ALTER TABLE obj_PropagationList ADD COLUMN isModified VARCHAR(1)
INSERT INTO FIELDS VALUES(109,'isModified','VARCHAR(1)')
ALTER TABLE obj_PropagationList ADD COLUMN childrenTime VARCHAR
INSERT INTO FIELDS VALUES(109,'childrenTime','VARCHAR')
INSERT INTO OBJ_PROPAGATIONLIST VALUES('','109-0000--7f8df804-124814ce837--7ffe',1256299751543,'0','')
INSERT INTO TYPES VALUES(112,'com.jslope.toDoList.core.Message','obj_Message')
CREATE TABLE obj_Message (isDeleted VARCHAR(1) DEFAULT '' NOT NULL)
ALTER TABLE obj_Message ADD COLUMN OBJECT_ID VARCHAR(40)
ALTER TABLE obj_Message ADD UNIQUE (OBJECT_ID)
INSERT INTO FIELDS VALUES(112,'OBJECT_ID','VARCHAR(40)')
ALTER TABLE obj_Message ADD COLUMN modifiedTime BIGINT
INSERT INTO FIELDS VALUES(112,'modifiedTime','BIGINT')
ALTER TABLE obj_Message ADD COLUMN isModified VARCHAR(1)
INSERT INTO FIELDS VALUES(112,'isModified','VARCHAR(1)')
ALTER TABLE obj_Message ADD COLUMN parent_task VARCHAR(40)
INSERT INTO FIELDS VALUES(112,'parent_task','VARCHAR(40)')
ALTER TABLE obj_Message ADD COLUMN content VARCHAR
INSERT INTO FIELDS VALUES(112,'content','VARCHAR')
ALTER TABLE obj_Message ADD COLUMN creationTime BIGINT
INSERT INTO FIELDS VALUES(112,'creationTime','BIGINT')
ALTER TABLE obj_Message ADD COLUMN user VARCHAR(40)
INSERT INTO FIELDS VALUES(112,'user','VARCHAR(40)')
ALTER TABLE obj_Message ADD COLUMN userName VARCHAR(100)
INSERT INTO FIELDS VALUES(112,'userName','VARCHAR(100)')
ALTER TABLE obj_Message ADD COLUMN modInfo VARCHAR
INSERT INTO FIELDS VALUES(112,'modInfo','VARCHAR')
ALTER TABLE obj_Message ADD COLUMN tossInfo VARCHAR
INSERT INTO FIELDS VALUES(112,'tossInfo','VARCHAR')
INSERT INTO TYPES VALUES(115,'com.jslope.toDoList.core.RefreshMarker','obj_RefreshMarker')
CREATE TABLE obj_RefreshMarker (isDeleted VARCHAR(1) DEFAULT '' NOT NULL)
ALTER TABLE obj_RefreshMarker ADD COLUMN OBJECT_ID VARCHAR(40)
ALTER TABLE obj_RefreshMarker ADD UNIQUE (OBJECT_ID)
INSERT INTO FIELDS VALUES(115,'OBJECT_ID','VARCHAR(40)')
ALTER TABLE obj_RefreshMarker ADD COLUMN modifiedTime BIGINT
INSERT INTO FIELDS VALUES(115,'modifiedTime','BIGINT')
ALTER TABLE obj_RefreshMarker ADD COLUMN isModified VARCHAR(1)
INSERT INTO FIELDS VALUES(115,'isModified','VARCHAR(1)')
ALTER TABLE obj_RefreshMarker ADD COLUMN user VARCHAR(40)
INSERT INTO FIELDS VALUES(115,'user','VARCHAR(40)')
INSERT INTO TYPES VALUES(118,'com.jslope.toDoList.core.TaskSharer','obj_TaskSharer')
CREATE TABLE obj_TaskSharer (isDeleted VARCHAR(1) DEFAULT '' NOT NULL)
ALTER TABLE obj_TaskSharer ADD COLUMN OBJECT_ID VARCHAR(40)
ALTER TABLE obj_TaskSharer ADD UNIQUE (OBJECT_ID)
INSERT INTO FIELDS VALUES(118,'OBJECT_ID','VARCHAR(40)')
ALTER TABLE obj_TaskSharer ADD COLUMN modifiedTime BIGINT
INSERT INTO FIELDS VALUES(118,'modifiedTime','BIGINT')
ALTER TABLE obj_TaskSharer ADD COLUMN isModified VARCHAR(1)
INSERT INTO FIELDS VALUES(118,'isModified','VARCHAR(1)')
ALTER TABLE obj_TaskSharer ADD COLUMN taskId VARCHAR(40)
INSERT INTO FIELDS VALUES(118,'taskId','VARCHAR(40)')
ALTER TABLE obj_TaskSharer ADD COLUMN userID VARCHAR(40)
INSERT INTO FIELDS VALUES(118,'userID','VARCHAR(40)')
ALTER TABLE obj_TaskSharer ADD COLUMN shared_index INT
INSERT INTO FIELDS VALUES(118,'shared_index','INT')
ALTER TABLE obj_TaskSharer ADD COLUMN is_deleted VARCHAR(1)
INSERT INTO FIELDS VALUES(118,'is_deleted','VARCHAR(1)')
INSERT INTO TYPES VALUES(119,'com.jslope.briskproject.server.ServerConfig','obj_ServerConfig')
CREATE TABLE obj_ServerConfig (isDeleted VARCHAR(1) DEFAULT '' NOT NULL)
ALTER TABLE obj_ServerConfig ADD COLUMN OBJECT_ID VARCHAR(40)
ALTER TABLE obj_ServerConfig ADD UNIQUE (OBJECT_ID)
INSERT INTO FIELDS VALUES(119,'OBJECT_ID','VARCHAR(40)')
ALTER TABLE obj_ServerConfig ADD COLUMN AdminID VARCHAR(40)
INSERT INTO FIELDS VALUES(119,'AdminID','VARCHAR(40)')
INSERT INTO OBJ_SERVERCONFIG VALUES('','119-0000--7f8df804-124814ce837--7ffd','null_id')
INSERT INTO OBJ_TASK VALUES('','103-0000--57f10a72-124814d0570--7fff',1256299758967,'1','null_id',0,'0','1',1256299758965,'Personal tasks of Root Node','','2009-10-23 00:00:00.000000000','1',0,'null_id','100-7f011--57f10a72-124814d0570--8000','1',0,0,0,'0','0','0','0')
INSERT INTO OBJ_USER VALUES('','100-7f011--57f10a72-124814d0570--8000',1256299774606,'1','null_id',0,'0','1',1256299758957,'Root Node','aaa','aaa','103-0000--57f10a72-124814d0570--7fff','1','null_id')
SET AUTOCOMMIT FALSE
DELETE FROM OBJ_SERVERCONFIG WHERE ISDELETED='' AND OBJECT_ID='119-0000--7f8df804-124814ce837--7ffd' AND ADMINID='null_id'
INSERT INTO OBJ_SERVERCONFIG VALUES('','119-0000--7f8df804-124814ce837--7ffd','100-7f011--57f10a72-124814d0570--8000')
SET AUTOCOMMIT TRUE
SET AUTOCOMMIT FALSE
DELETE FROM OBJ_NETWORKCONFIG WHERE ISDELETED='' AND OBJECT_ID='000-7f011--7f8df804-124814ce837--8000' AND IS_CONFIGURED='0' AND SERVERHOST='' AND LASTDATEEXCHANGE=1256299751472 AND LASTDATESERVER=1256299751472 AND TOSENDTABLEEXISTS='0'
INSERT INTO OBJ_NETWORKCONFIG VALUES('','000-7f011--7f8df804-124814ce837--8000','1','',1256299751472,1256299751472,'0')
SET AUTOCOMMIT TRUE
CREATE TABLE ObjectsToSend (isDeleted VARCHAR(1) DEFAULT '' NOT NULL)
ALTER TABLE ObjectsToSend ADD COLUMN objectID VARCHAR(40)
ALTER TABLE ObjectsToSend ADD COLUMN userID VARCHAR(40)
SET AUTOCOMMIT FALSE
DELETE FROM OBJ_NETWORKCONFIG WHERE ISDELETED='' AND OBJECT_ID='000-7f011--7f8df804-124814ce837--8000' AND IS_CONFIGURED='1' AND SERVERHOST='' AND LASTDATEEXCHANGE=1256299751472 AND LASTDATESERVER=1256299751472 AND TOSENDTABLEEXISTS='0'
INSERT INTO OBJ_NETWORKCONFIG VALUES('','000-7f011--7f8df804-124814ce837--8000','1','',1256299751472,1256299751472,'1')
SET AUTOCOMMIT TRUE
INSERT INTO OBJ_TASK VALUES('','103-0000-748fb667-124814bdae4--7ffe',1256299682616,'1','null_id',0,'0','1',1256299682590,'Personal tasks of Root Node','','2009-10-23 00:00:00.000000000','1',0,'null_id','100-0000-748fb667-124814bdae4--7fff','1',0,0,0,'0','0','0','0')
INSERT INTO OBJ_USER VALUES('','100-0000-748fb667-124814bdae4--7fff',1256299682658,'0','null_id',0,'0','1',1256299682590,'Root Node','','','103-0000-748fb667-124814bdae4--7ffe','0','null_id')
SET AUTOCOMMIT FALSE
DELETE FROM OBJ_TASK WHERE ISDELETED='' AND OBJECT_ID='103-0000--57f10a72-124814d0570--7fff' AND MODIFIEDTIME=1256299758967 AND ISMODIFIED='1' AND PARENT='null_id' AND SORTINDEX=0 AND IS_DELETED='0' AND ISEXPANDED='1' AND CHILDRENMODTIME=1256299758965 AND SUBJECT='Personal tasks of Root Node' AND NOTES='' AND DATE='2009-10-23 00:00:00.000000000' AND IS_ACTIVE='1' AND FINISHED_DATE=0 AND ASSIGNEDTO='null_id' AND OWNERUSER='100-7f011--57f10a72-124814d0570--8000' AND ISINTERNALTASK='1' AND TIME_SPENT=0 AND CHILDRENTIME=0 AND ASSIGNEDINDEX=0 AND ISDIRTY='0' AND ISPARENTDIRTY='0' AND MUSTREOPENPARENT='0' AND ISNEWLYMODIFIED='0'
INSERT INTO OBJ_TASK VALUES('','103-0000--57f10a72-124814d0570--7fff',1256299758967,'1','null_id',0,'0','1',1256299758965,'Personal tasks of Root Node','','2009-10-23 00:00:00.000000000','1',0,'null_id','100-7f011--57f10a72-124814d0570--8000','1',0,0,0,'0','0','0','0')
SET AUTOCOMMIT TRUE
SET AUTOCOMMIT FALSE
DELETE FROM OBJ_USER WHERE ISDELETED='' AND OBJECT_ID='100-7f011--57f10a72-124814d0570--8000' AND MODIFIEDTIME=1256299774606 AND ISMODIFIED='1' AND PARENT='null_id' AND SORTINDEX=0 AND IS_DELETED='0' AND ISEXPANDED='1' AND CHILDRENMODTIME=1256299758957 AND NAME='Root Node' AND LOGIN='aaa' AND PASSWORD='aaa' AND INTERNALTASK='103-0000--57f10a72-124814d0570--7fff' AND ISADMIN='1' AND ACCESSLEVEL='null_id'
INSERT INTO OBJ_USER VALUES('','100-7f011--57f10a72-124814d0570--8000',1256299774649,'0','null_id',0,'0','1',1256299758957,'Root Node','aaa','aaa','103-0000--57f10a72-124814d0570--7fff','1','null_id')
SET AUTOCOMMIT TRUE
INSERT INTO OBJ_TASK VALUES('','103-0000--57f10a72-124814d0570--7ffe',1256299759014,'0','103-0000--57f10a72-124814d0570--7fff',0,'0','1',1256299758971,'empty','Edit notes here','2009-10-23 00:00:00.000000000','1',0,'100-7f011--57f10a72-124814d0570--8000','100-7f011--57f10a72-124814d0570--8000','0',0,0,0,'0','0','0','0')
INSERT INTO OBJECTSTOSEND VALUES('','100-0000-748fb667-124814bdae4--7fff','100-0000-748fb667-124814bdae4--7fff')
INSERT INTO OBJ_TIMEINTERVAL VALUES('','106-0000-4c0186ff-12481540787--7ffe',1256300251809,'0','103-7f011-4c0186ff-12481540787--8000','2009-10-23 00:00:00.000000000',1256300249082,1256300251767,'0','100-7f011--57f10a72-124814d0570--8000')
INSERT INTO OBJ_TIMEINTERVAL VALUES('','106-0000-4c0186ff-12481540787--7ffd',1256300260146,'0','103-7f011-4c0186ff-12481540787--8000','2009-10-23 00:00:00.000000000',1256300259044,1256300260104,'0','100-7f011--57f10a72-124814d0570--8000')
INSERT INTO OBJ_TIMEINTERVAL VALUES('','106-0000-4c0186ff-12481540787--7fff',1256300264747,'0','103-0000--57f10a72-124814d0570--7ffe','2009-10-23 00:00:00.000000000',1256300241679,1256300264705,'0','100-7f011--57f10a72-124814d0570--8000')
INSERT INTO OBJ_TASK VALUES('','103-7f011-4c0186ff-12481540787--8000',1256300260147,'0','103-0000--57f10a72-124814d0570--7ffe',0,'0','1',1256300218245,'stest','','2009-10-23 00:00:00.000000000','0',1256300260104,'null_id','100-7f011--57f10a72-124814d0570--8000','0',3,0,1,'0','0','0','0')
SET AUTOCOMMIT FALSE
DELETE FROM OBJ_TASK WHERE ISDELETED='' AND OBJECT_ID='103-0000--57f10a72-124814d0570--7ffe' AND MODIFIEDTIME=1256299759014 AND ISMODIFIED='0' AND PARENT='103-0000--57f10a72-124814d0570--7fff' AND SORTINDEX=0 AND IS_DELETED='0' AND ISEXPANDED='1' AND CHILDRENMODTIME=1256299758971 AND SUBJECT='empty' AND NOTES='Edit notes here' AND DATE='2009-10-23 00:00:00.000000000' AND IS_ACTIVE='1' AND FINISHED_DATE=0 AND ASSIGNEDTO='100-7f011--57f10a72-124814d0570--8000' AND OWNERUSER='100-7f011--57f10a72-124814d0570--8000' AND ISINTERNALTASK='0' AND TIME_SPENT=0 AND CHILDRENTIME=0 AND ASSIGNEDINDEX=0 AND ISDIRTY='0' AND ISPARENTDIRTY='0' AND MUSTREOPENPARENT='0' AND ISNEWLYMODIFIED='0'
INSERT INTO OBJ_TASK VALUES('','103-0000--57f10a72-124814d0570--7ffe',1256300264745,'0','103-0000--57f10a72-124814d0570--7fff',0,'0','1',1256300260105,'test 123','Edit notes here','2009-10-23 00:00:00.000000000','0',1256300264703,'100-7f011--57f10a72-124814d0570--8000','100-7f011--57f10a72-124814d0570--8000','0',5,3,0,'0','0','0','0')
SET AUTOCOMMIT TRUE
INSERT INTO OBJ_TIMEINTERVAL VALUES('','106-0000--6332b07f-124816dde4f--7fff',1256301922554,'0','103-7f011--6332b07f-124816dde4f--8000','2009-10-23 00:00:00.000000000',1256301918770,1256301922515,'0','100-7f011--57f10a72-124814d0570--8000')
INSERT INTO OBJ_TASK VALUES('','103-7f011--6332b07f-124816dde4f--8000',1256301922555,'0','103-0000--57f10a72-124814d0570--7fff',0,'0','1',1256301911629,'test','','2009-10-23 00:00:00.000000000','1',0,'100-7f011--57f10a72-124814d0570--8000','100-7f011--57f10a72-124814d0570--8000','0',3,0,0,'0','0','0','0')
INSERT INTO OBJ_TIMEINTERVAL VALUES('','106-0000--2d489c07-1248187adc3--7ffe',1256303648460,'0','103-7f011--6332b07f-124816dde4f--8000','2009-10-23 00:00:00.000000000',1256303648419,1256303648420,'0','100-7f011--57f10a72-124814d0570--8000')
SET AUTOCOMMIT FALSE
DELETE FROM OBJ_TASK WHERE ISDELETED='' AND OBJECT_ID='103-7f011--6332b07f-124816dde4f--8000' AND MODIFIEDTIME=1256301922555 AND ISMODIFIED='0' AND PARENT='103-0000--57f10a72-124814d0570--7fff' AND SORTINDEX=0 AND IS_DELETED='0' AND ISEXPANDED='1' AND CHILDRENMODTIME=1256301911629 AND SUBJECT='test' AND NOTES='' AND DATE='2009-10-23 00:00:00.000000000' AND IS_ACTIVE='1' AND FINISHED_DATE=0 AND ASSIGNEDTO='100-7f011--57f10a72-124814d0570--8000' AND OWNERUSER='100-7f011--57f10a72-124814d0570--8000' AND ISINTERNALTASK='0' AND TIME_SPENT=3 AND CHILDRENTIME=0 AND ASSIGNEDINDEX=0 AND ISDIRTY='0' AND ISPARENTDIRTY='0' AND MUSTREOPENPARENT='0' AND ISNEWLYMODIFIED='0'
INSERT INTO OBJ_TASK VALUES('','103-7f011--6332b07f-124816dde4f--8000',1256303648458,'0','103-0000--57f10a72-124814d0570--7fff',0,'0','1',1256303622341,'test a','','2009-10-23 00:00:00.000000000','0',1256303648418,'100-7f011--57f10a72-124814d0570--8000','100-7f011--57f10a72-124814d0570--8000','0',3,4,0,'0','0','0','0')
SET AUTOCOMMIT TRUE
INSERT INTO OBJ_TIMEINTERVAL VALUES('','106-0000--2d489c07-1248187adc3--7ffa',1256303883365,'0','103-0000--2d489c07-1248187adc3--7ffb','2009-10-23 00:00:00.000000000',1256303864238,1256303883325,'0','100-7f011--57f10a72-124814d0570--8000')
INSERT INTO OBJ_TIMEINTERVAL VALUES('','106-0000--2d489c07-1248187adc3--7fff',1256303643461,'0','103-7f011--2d489c07-1248187adc3--8000','2009-10-23 00:00:00.000000000',1256303618138,1256303643421,'0','100-7f011--57f10a72-124814d0570--8000')
INSERT INTO OBJ_TASK VALUES('','103-0000--2d489c07-1248187adc3--7ffb',1256303883364,'0','103-0000--2d489c07-1248187adc3--7ffd',0,'0','1',1256303861564,'test 7','','2009-10-23 00:00:00.000000000','0',1256303883324,'null_id','100-7f011--57f10a72-124814d0570--8000','0',5,0,0,'0','0','0','0')
INSERT INTO OBJ_TASK VALUES('','103-0000--2d489c07-1248187adc3--7ffd',1256303883367,'0','103-0000--57f10a72-124814d0570--7fff',0,'0','1',1256303869967,'test 6','','2009-10-23 00:00:00.000000000','0',1256303883327,'100-7f011--57f10a72-124814d0570--8000','100-7f011--57f10a72-124814d0570--8000','0',5,5,0,'0','0','0','0')
INSERT INTO OBJ_TASK VALUES('','103-7f011--2d489c07-1248187adc3--8000',1256303643459,'0','103-7f011--6332b07f-124816dde4f--8000',0,'0','1',1256303603138,'test t','','2009-10-23 00:00:00.000000000','0',1256303643419,'null_id','100-7f011--57f10a72-124814d0570--8000','0',4,0,0,'0','0','0','0')
INSERT INTO OBJ_TIMEINTERVAL VALUES('','106-0000--2d489c07-1248187adc3--7ffc',1256303883368,'0','103-0000--2d489c07-1248187adc3--7ffd','2009-10-23 00:00:00.000000000',1256303853854,1256303883328,'0','100-7f011--57f10a72-124814d0570--8000')
INSERT INTO OBJ_TASK VALUES('','103-0000--3d79b067-12481959bd1--7fff',1256304556584,'0','103-7f011--3d79b067-12481959bd1--8000',0,'0','1',1256304522709,'test 9','','2009-10-23 00:00:00.000000000','0',1256304556544,'null_id','100-7f011--57f10a72-124814d0570--8000','0',5,0,0,'0','0','0','0')
INSERT INTO OBJ_TIMEINTERVAL VALUES('','106-0000--3d79b067-12481959bd1--7ffd',1256304556588,'0','103-7f011--3d79b067-12481959bd1--8000','2009-10-23 00:00:00.000000000',1256304534516,1256304556548,'0','100-7f011--57f10a72-124814d0570--8000')
INSERT INTO OBJ_TASK VALUES('','103-7f011--3d79b067-12481959bd1--8000',1256304556587,'0','103-0000--57f10a72-124814d0570--7fff',0,'0','1',1256304531799,'test 8','','2009-10-23 00:00:00.000000000','0',1256304556547,'100-7f011--57f10a72-124814d0570--8000','100-7f011--57f10a72-124814d0570--8000','0',3,5,0,'0','0','0','0')
INSERT INTO OBJ_TIMEINTERVAL VALUES('','106-0000--3d79b067-12481959bd1--7ffe',1256304556585,'0','103-0000--3d79b067-12481959bd1--7fff','2009-10-23 00:00:00.000000000',1256304526250,1256304556545,'0','100-7f011--57f10a72-124814d0570--8000')
INSERT INTO OBJ_TASK VALUES('','103-0000-6e78e1cb-124819d1555--7fff',1256305102322,'0','103-7f011-6e78e1cb-124819d1555--8000',0,'0','1',1256305009309,'test 11','','2009-10-23 00:00:00.000000000','0',1256305102280,'null_id','100-7f011--57f10a72-124814d0570--8000','0',5,0,0,'0','0','0','0')
INSERT INTO OBJ_TIMEINTERVAL VALUES('','106-0000-6e78e1cb-124819d1555--7ffe',1256305108035,'0','103-0000-6e78e1cb-124819d1555--7fff','2009-10-23 00:00:00.000000000',1256305012956,1256305107993,'0','100-7f011--57f10a72-124814d0570--8000')
INSERT INTO OBJ_TASK VALUES('','103-7f011-6e78e1cb-124819d1555--8000',1256305121727,'0','103-0000--57f10a72-124814d0570--7fff',0,'0','1',1256305018660,'test 10','','2009-10-23 00:00:00.000000000','0',1256305121685,'100-7f011--57f10a72-124814d0570--8000','100-7f011--57f10a72-124814d0570--8000','0',3,5,0,'0','0','0','0')
INSERT INTO OBJ_TIMEINTERVAL VALUES('','106-0000-6e78e1cb-124819d1555--7ffd',1256305138068,'0','103-7f011-6e78e1cb-124819d1555--8000','2009-10-23 00:00:00.000000000',1256305020754,1256305138026,'0','100-7f011--57f10a72-124814d0570--8000')
INSERT INTO OBJ_TIMEINTERVAL VALUES('','106-0000-224d613-12481a46301--7ffd',1256305504815,'0','103-7f011-224d613-12481a46301--8000','2009-10-23 00:00:00.000000000',1256305501414,1256305504775,'0','100-7f011--57f10a72-124814d0570--8000')
INSERT INTO OBJ_TASK VALUES('','103-0000-224d613-12481a46301--7fff',1256305513834,'0','103-7f011-224d613-12481a46301--8000',0,'0','1',1256305489334,'test 16','','2009-10-23 00:00:00.000000000','0',1256305513794,'null_id','100-7f011--57f10a72-124814d0570--8000','0',5,0,0,'0','0','0','0')
INSERT INTO OBJ_TIMEINTERVAL VALUES('','106-0000-224d613-12481a46301--7ffe',1256305497411,'0','103-0000-224d613-12481a46301--7fff','2009-10-23 00:00:00.000000000',1256305491802,1256305497371,'0','100-7f011--57f10a72-124814d0570--8000')
INSERT INTO OBJ_TASK VALUES('','103-7f011-224d613-12481a46301--8000',1256305513837,'0','103-0000--57f10a72-124814d0570--7fff',0,'0','1',1256305497373,'test 15','','2009-10-23 00:00:00.000000000','0',1256305513797,'100-7f011--57f10a72-124814d0570--8000','100-7f011--57f10a72-124814d0570--8000','0',3,5,0,'0','0','0','0')
